<?xml version="1.0" encoding="UTF-8"?>
<testsuite name="com.devmind.gradle.MyApplicationTest" tests="1" skipped="0" failures="0" errors="0" timestamp="2018-09-24T21:35:02" hostname="devmind" time="0.002">
  <properties/>
  <testcase name="shouldSayHello" classname="com.devmind.gradle.MyApplicationTest" time="0.002"/>
  <system-out><![CDATA[]]></system-out>
  <system-err><![CDATA[]]></system-err>
</testsuite>
